<?xml version="1.0" encoding="UTF-8"?>
<testng-results skipped="0" failed="0" ignored="5" total="6" passed="1">
  <reporter-output>
  </reporter-output>
  <suite name="Default suite" duration-ms="3528" started-at="2022-05-30T23:41:15 SAST" finished-at="2022-05-30T23:41:18 SAST">
    <groups>
    </groups>
    <test name="Default test" duration-ms="3528" started-at="2022-05-30T23:41:15 SAST" finished-at="2022-05-30T23:41:18 SAST">
      <class name="tests.TestExamples">
        <test-method status="PASS" signature="Test_delete()[pri:0, instance:tests.TestExamples@3c9754d8]" name="Test_delete" duration-ms="3467" started-at="2022-05-30T23:41:15 SAST" finished-at="2022-05-30T23:41:18 SAST">
          <reporter-output>
          </reporter-output>
        </test-method> <!-- Test_delete -->
      </class> <!-- tests.TestExamples -->
    </test> <!-- Default test -->
  </suite> <!-- Default suite -->
</testng-results>
