<?xml version="1.0" encoding="UTF-8"?>
<testng-results skipped="0" failed="0" ignored="0" total="2" passed="2">
  <reporter-output>
  </reporter-output>
  <suite name="tests.TestExamples" duration-ms="4364" started-at="2022-02-17T10:33:24 SAST" finished-at="2022-02-17T10:33:29 SAST">
    <groups>
    </groups>
    <test name="Command line test" duration-ms="4364" started-at="2022-02-17T10:33:24 SAST" finished-at="2022-02-17T10:33:29 SAST">
      <class name="tests.TestExamples">
        <test-method status="PASS" signature="Test_1()[pri:0, instance:tests.TestExamples@402a079c]" name="Test_1" duration-ms="2883" started-at="2022-02-17T10:33:24 SAST" finished-at="2022-02-17T10:33:27 SAST">
          <reporter-output>
          </reporter-output>
        </test-method> <!-- Test_1 -->
        <test-method status="PASS" signature="Test_2()[pri:0, instance:tests.TestExamples@402a079c]" name="Test_2" duration-ms="1410" started-at="2022-02-17T10:33:27 SAST" finished-at="2022-02-17T10:33:29 SAST">
          <reporter-output>
          </reporter-output>
        </test-method> <!-- Test_2 -->
      </class> <!-- tests.TestExamples -->
    </test> <!-- Command line test -->
  </suite> <!-- tests.TestExamples -->
</testng-results>
