<?xml version="1.0" encoding="UTF-8"?>
<!-- Generated by org.testng.reporters.JUnitXMLReporter -->
<testsuite hostname="MacBook-Air" ignored="5" name="Default test" tests="1" failures="0" timestamp="2022-05-30T23:41:23 SAST" time="3.528" errors="0">
  <testcase name="Test_delete" time="3.467" classname="tests.TestExamples"/>
  <testcase name="Test_post" time="0.0" classname="tests.TestExamples">
    <ignored/>
  </testcase> <!-- Test_post -->
  <testcase name="Test_put" time="0.0" classname="tests.TestExamples">
    <ignored/>
  </testcase> <!-- Test_put -->
  <testcase name="Test_2" time="0.0" classname="tests.TestExamples">
    <ignored/>
  </testcase> <!-- Test_2 -->
  <testcase name="Test_1" time="0.0" classname="tests.TestExamples">
    <ignored/>
  </testcase> <!-- Test_1 -->
  <testcase name="Test_Get" time="0.0" classname="tests.TestExamples">
    <ignored/>
  </testcase> <!-- Test_Get -->
</testsuite> <!-- Default test -->
